<?xml version="1.0" encoding="UTF-8"?>
<!-- Generated by org.testng.reporters.JUnitXMLReporter -->
<testsuite hostname="dev-dell-nitink" ignored="0" name="Default test" tests="4" failures="0" timestamp="24 May 2017 09:49:21 GMT" time="42.522" errors="0">
  <testcase name="testHubTranslation" time="1.818" classname="com.rsystems.test.HubTestCases"/>
  <testcase name="testHubMenuFontsNonFocused" time="2.026" classname="com.rsystems.test.HubTestCases"/>
  <testcase name="testHubTextLineRightNavigation" time="20.316" classname="com.rsystems.test.HubTestCases"/>
  <testcase name="testHubTextLineLeftNavigation" time="18.185" classname="com.rsystems.test.HubTestCases"/>
</testsuite> <!-- Default test -->
