<?xml version="1.0" encoding="UTF-8"?>
<!-- Generated by org.testng.reporters.JUnitXMLReporter -->
<testsuite hostname="dev-dell-nitink" ignored="0" name="Default test" tests="4" failures="0" timestamp="23 May 2017 14:01:57 GMT" time="43.061" errors="0">
  <testcase name="testHubMenuFontsNonFocused" time="2.447" classname="com.rsystems.test.HubTestCases"/>
  <testcase name="testHubTextLineRightNavigation" time="20.375" classname="com.rsystems.test.HubTestCases"/>
  <testcase name="testHubTextLineLeftNavigation" time="18.241" classname="com.rsystems.test.HubTestCases"/>
  <testcase name="testHubMenuTitles" time="1.814" classname="com.rsystems.test.HubTestCases"/>
</testsuite> <!-- Default test -->
