<?xml version="1.0" encoding="UTF-8"?>
<testng-results skipped="0" failed="0" ignored="0" total="2" passed="2">
  <reporter-output>
  </reporter-output>
  <suite name="Rsystems HTML Testing" duration-ms="9568" started-at="2017-05-12T12:40:56Z" finished-at="2017-05-12T12:41:06Z">
    <groups>
    </groups>
    <test name="Login test" duration-ms="9568" started-at="2017-05-12T12:40:56Z" finished-at="2017-05-12T12:41:06Z">
      <class name="com.rsystems.test.LoginTest">
        <test-method status="PASS" signature="Setup()[pri:0, instance:com.rsystems.test.LoginTest@3b6eb2ec]" name="Setup" is-config="true" duration-ms="5873" started-at="2017-05-12T18:10:50Z" finished-at="2017-05-12T18:10:56Z">
          <reporter-output>
          </reporter-output>
        </test-method> <!-- Setup -->
        <test-method status="PASS" signature="beforeMethodCalled(java.lang.reflect.Method)[pri:0, instance:com.rsystems.test.LoginTest@3b6eb2ec]" name="beforeMethodCalled" is-config="true" duration-ms="21" started-at="2017-05-12T18:10:56Z" finished-at="2017-05-12T18:10:56Z">
          <params>
            <param index="0">
              <value>
                <![CDATA[public void com.rsystems.test.LoginTest.hubShowcaseLineNavigation() throws java.lang.InterruptedException]]>
              </value>
            </param>
          </params>
          <reporter-output>
          </reporter-output>
        </test-method> <!-- beforeMethodCalled -->
        <test-method status="PASS" signature="hubShowcaseLineNavigation()[pri:0, instance:com.rsystems.test.LoginTest@3b6eb2ec]" name="hubShowcaseLineNavigation" duration-ms="9414" started-at="2017-05-12T18:10:56Z" finished-at="2017-05-12T18:11:06Z">
          <reporter-output>
          </reporter-output>
        </test-method> <!-- hubShowcaseLineNavigation -->
        <test-method status="PASS" signature="afterMethodCalled()[pri:0, instance:com.rsystems.test.LoginTest@3b6eb2ec]" name="afterMethodCalled" is-config="true" duration-ms="16" started-at="2017-05-12T18:11:06Z" finished-at="2017-05-12T18:11:06Z">
          <reporter-output>
          </reporter-output>
        </test-method> <!-- afterMethodCalled -->
        <test-method status="PASS" signature="beforeMethodCalled(java.lang.reflect.Method)[pri:0, instance:com.rsystems.test.LoginTest@3b6eb2ec]" name="beforeMethodCalled" is-config="true" duration-ms="16" started-at="2017-05-12T18:11:06Z" finished-at="2017-05-12T18:11:06Z">
          <params>
            <param index="0">
              <value>
                <![CDATA[public void com.rsystems.test.LoginTest.hubTextLineNavigation()]]>
              </value>
            </param>
          </params>
          <reporter-output>
          </reporter-output>
        </test-method> <!-- beforeMethodCalled -->
        <test-method status="PASS" signature="hubTextLineNavigation()[pri:0, instance:com.rsystems.test.LoginTest@3b6eb2ec]" name="hubTextLineNavigation" duration-ms="66" started-at="2017-05-12T18:11:06Z" finished-at="2017-05-12T18:11:06Z">
          <reporter-output>
          </reporter-output>
        </test-method> <!-- hubTextLineNavigation -->
        <test-method status="PASS" signature="afterMethodCalled()[pri:0, instance:com.rsystems.test.LoginTest@3b6eb2ec]" name="afterMethodCalled" is-config="true" duration-ms="15" started-at="2017-05-12T18:11:06Z" finished-at="2017-05-12T18:11:06Z">
          <reporter-output>
          </reporter-output>
        </test-method> <!-- afterMethodCalled -->
        <test-method status="PASS" signature="suiteEndReached()[pri:0, instance:com.rsystems.test.LoginTest@3b6eb2ec]" name="suiteEndReached" is-config="true" duration-ms="793" started-at="2017-05-12T18:11:06Z" finished-at="2017-05-12T18:11:06Z">
          <reporter-output>
          </reporter-output>
        </test-method> <!-- suiteEndReached -->
      </class> <!-- com.rsystems.test.LoginTest -->
    </test> <!-- Login test -->
  </suite> <!-- Rsystems HTML Testing -->
</testng-results>
