<?xml version="1.0" encoding="UTF-8"?>
<testsuite name="TestSuite" time="5.209" tests="2" errors="0" skipped="0" failures="1">
  <properties>
[...]
</properties>
  <testcase name="hubShowcaseLineNavigation" classname="com.rsystems.test.LoginTest" time="5.126">
    <failure type="java.lang.NullPointerException:">java.lang.NullPointerException: null
	at com.rsystems.test.LoginTest.hubShowcaseLineNavigation(LoginTest.java:132)
</failure>
    <system-out><![CDATA[Waiting for the page to load
Testcase name is :::::: hubShowcaseLineNavigation
Hello hubShowcaseLineNavigation
Default Unfocused elements location on HUB text line is:
Its Location is ::::::: X: 85------ Y:  560
Its Location is ::::::: X: 365------ Y:  560
Its Location is ::::::: X: 531------ Y:  560
Its Location is ::::::: X: 639------ Y:  560
Its Location is ::::::: X: 729------ Y:  560
HUB TV Location is ::::::: X: 365------ Y:  370
Its FONTs size is :::::::36px
Its FONTs Family is :::::::Proximus, ProximusRegular
Its FONTs Color is ::::::: RGB rgba(255, 255, 255, 1)
Fonts Matchedddddddddddddddddddd
Fonts Family Matchedddddddddddddddddddd
]]></system-out>
    <system-err><![CDATA[log4j:WARN No appenders could be found for logger (nitinLogger).
log4j:WARN Please initialize the log4j system properly.
log4j:WARN See http://logging.apache.org/log4j/1.2/faq.html#noconfig for more info.
Starting ChromeDriver 2.29.461591 (62ebf098771772160f391d75e589dc567915b233) on port 19067
Only local connections are allowed.
]]></system-err>
  </testcase>
  <testcase name="hubTextLineNavigation" classname="com.rsystems.test.LoginTest" time="0.083"/>
</testsuite>