<?xml version="1.0" encoding="UTF-8"?>
<testng-results skipped="0" failed="0" ignored="0" total="2" passed="2">
  <reporter-output>
  </reporter-output>
  <suite name="Rsystems HTML Testing" duration-ms="13997" started-at="2017-05-17T13:24:09Z" finished-at="2017-05-17T13:24:23Z">
    <groups>
    </groups>
    <test name="Login test" duration-ms="13997" started-at="2017-05-17T13:24:09Z" finished-at="2017-05-17T13:24:23Z">
      <class name="com.rsystems.test.LoginTest">
        <test-method status="PASS" signature="Setup()[pri:0, instance:com.rsystems.test.LoginTest@23f7d05d]" name="Setup" is-config="true" duration-ms="24359" started-at="2017-05-17T18:53:44Z" finished-at="2017-05-17T18:54:09Z">
          <reporter-output>
          </reporter-output>
        </test-method> <!-- Setup -->
        <test-method status="PASS" signature="beforeMethodCalled(java.lang.reflect.Method)[pri:0, instance:com.rsystems.test.LoginTest@23f7d05d]" name="beforeMethodCalled" is-config="true" duration-ms="30" started-at="2017-05-17T18:54:09Z" finished-at="2017-05-17T18:54:09Z">
          <params>
            <param index="0">
              <value>
                <![CDATA[public void com.rsystems.test.LoginTest.hubShowcaseLineNavigation() throws java.lang.InterruptedException]]>
              </value>
            </param>
          </params>
          <reporter-output>
          </reporter-output>
        </test-method> <!-- beforeMethodCalled -->
        <test-method status="PASS" signature="hubShowcaseLineNavigation()[pri:0, instance:com.rsystems.test.LoginTest@23f7d05d]" name="hubShowcaseLineNavigation" duration-ms="13825" started-at="2017-05-17T18:54:09Z" finished-at="2017-05-17T18:54:23Z">
          <reporter-output>
          </reporter-output>
        </test-method> <!-- hubShowcaseLineNavigation -->
        <test-method status="PASS" signature="afterMethodCalled()[pri:0, instance:com.rsystems.test.LoginTest@23f7d05d]" name="afterMethodCalled" is-config="true" duration-ms="31" started-at="2017-05-17T18:54:23Z" finished-at="2017-05-17T18:54:23Z">
          <reporter-output>
          </reporter-output>
        </test-method> <!-- afterMethodCalled -->
        <test-method status="PASS" signature="beforeMethodCalled(java.lang.reflect.Method)[pri:0, instance:com.rsystems.test.LoginTest@23f7d05d]" name="beforeMethodCalled" is-config="true" duration-ms="15" started-at="2017-05-17T18:54:23Z" finished-at="2017-05-17T18:54:23Z">
          <params>
            <param index="0">
              <value>
                <![CDATA[public void com.rsystems.test.LoginTest.hubTextLineNavigation()]]>
              </value>
            </param>
          </params>
          <reporter-output>
          </reporter-output>
        </test-method> <!-- beforeMethodCalled -->
        <test-method status="PASS" signature="hubTextLineNavigation()[pri:0, instance:com.rsystems.test.LoginTest@23f7d05d]" name="hubTextLineNavigation" duration-ms="61" started-at="2017-05-17T18:54:23Z" finished-at="2017-05-17T18:54:23Z">
          <reporter-output>
          </reporter-output>
        </test-method> <!-- hubTextLineNavigation -->
        <test-method status="PASS" signature="afterMethodCalled()[pri:0, instance:com.rsystems.test.LoginTest@23f7d05d]" name="afterMethodCalled" is-config="true" duration-ms="14" started-at="2017-05-17T18:54:23Z" finished-at="2017-05-17T18:54:23Z">
          <reporter-output>
          </reporter-output>
        </test-method> <!-- afterMethodCalled -->
        <test-method status="PASS" signature="suiteEndReached()[pri:0, instance:com.rsystems.test.LoginTest@23f7d05d]" name="suiteEndReached" is-config="true" duration-ms="843" started-at="2017-05-17T18:54:23Z" finished-at="2017-05-17T18:54:24Z">
          <reporter-output>
          </reporter-output>
        </test-method> <!-- suiteEndReached -->
      </class> <!-- com.rsystems.test.LoginTest -->
    </test> <!-- Login test -->
  </suite> <!-- Rsystems HTML Testing -->
</testng-results>
