-------------------------------------------------------------------------------
Test set: TestSuite
-------------------------------------------------------------------------------
Tests run: 2, Failures: 1, Errors: 0, Skipped: 0, Time elapsed: 31.512 sec <<< FAILURE! - in TestSuite
hubShowcaseLineNavigation(com.rsystems.test.LoginTest)  Time elapsed: 5.126 sec  <<< FAILURE!
java.lang.NullPointerException: null
	at com.rsystems.test.LoginTest.hubShowcaseLineNavigation(LoginTest.java:132)

