<?xml version="1.0" encoding="UTF-8"?>
<!-- Generated by org.testng.reporters.JUnitXMLReporter -->
<testsuite hostname="dev-dell-nitink" ignored="0" name="Login test" tests="2" failures="1" timestamp="18 May 2017 12:09:32 GMT" time="5.318" errors="0">
  <testcase name="hubShowcaseLineNavigation" time="5.115" classname="com.rsystems.test.LoginTest">
    <failure type="java.lang.NullPointerException">
      <![CDATA[java.lang.NullPointerException
	at com.rsystems.test.LoginTest.hubShowcaseLineNavigation(LoginTest.java:132)
... Removed 28 stack frames]]>
    </failure>
  </testcase> <!-- hubShowcaseLineNavigation -->
  <testcase name="hubTextLineNavigation" time="0.082" classname="com.rsystems.test.LoginTest"/>
</testsuite> <!-- Login test -->
