<?xml version="1.0" encoding="UTF-8"?>
<testng-results skipped="0" failed="0" ignored="0" total="2" passed="2">
  <reporter-output>
  </reporter-output>
  <suite name="Default suite" duration-ms="59428" started-at="2017-05-19T11:17:38Z" finished-at="2017-05-19T11:18:38Z">
    <groups>
    </groups>
    <test name="Default test" duration-ms="59428" started-at="2017-05-19T11:17:38Z" finished-at="2017-05-19T11:18:38Z">
      <class name="com.rsystems.test.LoginTest">
        <test-method status="PASS" signature="Setup()[pri:0, instance:com.rsystems.test.LoginTest@49438269]" name="Setup" is-config="true" duration-ms="18139" started-at="2017-05-19T16:47:20Z" finished-at="2017-05-19T16:47:38Z">
          <reporter-output>
          </reporter-output>
        </test-method> <!-- Setup -->
        <test-method status="PASS" signature="beforeMethodCalled(java.lang.reflect.Method)[pri:0, instance:com.rsystems.test.LoginTest@49438269]" name="beforeMethodCalled" is-config="true" duration-ms="18" started-at="2017-05-19T16:47:38Z" finished-at="2017-05-19T16:47:38Z">
          <params>
            <param index="0">
              <value>
                <![CDATA[public void com.rsystems.test.LoginTest.navigationTillSystemScreen() throws java.lang.InterruptedException]]>
              </value>
            </param>
          </params>
          <reporter-output>
          </reporter-output>
        </test-method> <!-- beforeMethodCalled -->
        <test-method status="PASS" signature="navigationTillSystemScreen()[pri:1, instance:com.rsystems.test.LoginTest@49438269]" name="navigationTillSystemScreen" duration-ms="32769" started-at="2017-05-19T16:47:38Z" finished-at="2017-05-19T16:48:11Z">
          <reporter-output>
          </reporter-output>
        </test-method> <!-- navigationTillSystemScreen -->
        <test-method status="PASS" signature="afterMethodCalled()[pri:0, instance:com.rsystems.test.LoginTest@49438269]" name="afterMethodCalled" is-config="true" duration-ms="16" started-at="2017-05-19T16:48:11Z" finished-at="2017-05-19T16:48:11Z">
          <reporter-output>
          </reporter-output>
        </test-method> <!-- afterMethodCalled -->
        <test-method status="PASS" signature="beforeMethodCalled(java.lang.reflect.Method)[pri:0, instance:com.rsystems.test.LoginTest@49438269]" name="beforeMethodCalled" is-config="true" duration-ms="16" started-at="2017-05-19T16:48:11Z" finished-at="2017-05-19T16:48:11Z">
          <params>
            <param index="0">
              <value>
                <![CDATA[public void com.rsystems.test.LoginTest.hubShowcaseLineNavigation() throws java.lang.InterruptedException]]>
              </value>
            </param>
          </params>
          <reporter-output>
          </reporter-output>
        </test-method> <!-- beforeMethodCalled -->
        <test-method status="PASS" signature="hubShowcaseLineNavigation()[pri:2, instance:com.rsystems.test.LoginTest@49438269]" name="hubShowcaseLineNavigation" duration-ms="26562" started-at="2017-05-19T16:48:11Z" finished-at="2017-05-19T16:48:38Z">
          <reporter-output>
          </reporter-output>
        </test-method> <!-- hubShowcaseLineNavigation -->
        <test-method status="PASS" signature="afterMethodCalled()[pri:0, instance:com.rsystems.test.LoginTest@49438269]" name="afterMethodCalled" is-config="true" duration-ms="34" started-at="2017-05-19T16:48:38Z" finished-at="2017-05-19T16:48:38Z">
          <reporter-output>
          </reporter-output>
        </test-method> <!-- afterMethodCalled -->
        <test-method status="PASS" signature="suiteEndReached()[pri:0, instance:com.rsystems.test.LoginTest@49438269]" name="suiteEndReached" is-config="true" duration-ms="804" started-at="2017-05-19T16:48:38Z" finished-at="2017-05-19T16:48:39Z">
          <reporter-output>
          </reporter-output>
        </test-method> <!-- suiteEndReached -->
      </class> <!-- com.rsystems.test.LoginTest -->
    </test> <!-- Default test -->
  </suite> <!-- Default suite -->
</testng-results>
